==126== Memcheck, a memory error detector
==126== Copyright (C) 2002-2017, and GNU GPL'd, by Julian Seward et al.
==126== Using Valgrind-3.13.0 and LibVEX; rerun with -h for copyright info
==126== Command: ./a.out
==126== Parent PID: 11
==126== 
--126-- 
--126-- Valgrind options:
--126--    -v
--126--    --tool=memcheck
--126--    --log-file=valgrind.log
--126-- Contents of /proc/version:
--126--   Linux version 5.10.16.3-microsoft-standard-WSL2 (oe-user@oe-host) (x86_64-msft-linux-gcc (GCC) 9.3.0, GNU ld (GNU Binutils) 2.34.0.20200220) #1 SMP Fri Apr 2 22:23:49 UTC 2021
--126-- 
--126-- Arch and hwcaps: AMD64, LittleEndian, amd64-cx16-lzcnt-rdtscp-sse3-avx-avx2-bmi
--126-- Page sizes: currently 4096, max supported 4096
--126-- Valgrind library directory: /usr/lib/valgrind
--126-- Reading syms from /home/poldi/documents/programmieren1/git/404/Praktikum3/a.out
--126-- Reading syms from /lib/x86_64-linux-gnu/ld-2.27.so
--126--   Considering /lib/x86_64-linux-gnu/ld-2.27.so ..
--126--   .. CRC mismatch (computed 385b96e8 wanted 9d917e0b)
--126--   Considering /usr/lib/debug/lib/x86_64-linux-gnu/ld-2.27.so ..
--126--   .. CRC is valid
--126-- Reading syms from /usr/lib/valgrind/memcheck-amd64-linux
--126--   Considering /usr/lib/valgrind/memcheck-amd64-linux ..
--126--   .. CRC mismatch (computed 41ddb025 wanted 9972f546)
--126--    object doesn't have a symbol table
--126--    object doesn't have a dynamic symbol table
--126-- Scheduler: using generic scheduler lock implementation.
--126-- Reading suppressions file: /usr/lib/valgrind/default.supp
==126== embedded gdbserver: reading from /tmp/vgdb-pipe-from-vgdb-to-126-by-poldi-on-???
==126== embedded gdbserver: writing to   /tmp/vgdb-pipe-to-vgdb-from-126-by-poldi-on-???
==126== embedded gdbserver: shared mem   /tmp/vgdb-pipe-shared-mem-vgdb-126-by-poldi-on-???
==126== 
==126== TO CONTROL THIS PROCESS USING vgdb (which you probably
==126== don't want to do, unless you know exactly what you're doing,
==126== or are doing some strange experiment):
==126==   /usr/lib/valgrind/../../bin/vgdb --pid=126 ...command...
==126== 
==126== TO DEBUG THIS PROCESS USING GDB: start GDB like this
==126==   /path/to/gdb ./a.out
==126== and then give GDB the following command
==126==   target remote | /usr/lib/valgrind/../../bin/vgdb --pid=126
==126== --pid is optional if only one valgrind process is running
==126== 
--126-- REDIR: 0x4020d20 (ld-linux-x86-64.so.2:strlen) redirected to 0x580608c1 (???)
--126-- REDIR: 0x4020b00 (ld-linux-x86-64.so.2:index) redirected to 0x580608db (???)
--126-- Reading syms from /usr/lib/valgrind/vgpreload_core-amd64-linux.so
--126--   Considering /usr/lib/valgrind/vgpreload_core-amd64-linux.so ..
--126--   .. CRC mismatch (computed 50df1b30 wanted 4800a4cf)
--126--    object doesn't have a symbol table
--126-- Reading syms from /usr/lib/valgrind/vgpreload_memcheck-amd64-linux.so
--126--   Considering /usr/lib/valgrind/vgpreload_memcheck-amd64-linux.so ..
--126--   .. CRC mismatch (computed f893b962 wanted 95ee359e)
--126--    object doesn't have a symbol table
==126== WARNING: new redirection conflicts with existing -- ignoring it
--126--     old: 0x04020d20 (strlen              ) R-> (0000.0) 0x580608c1 ???
--126--     new: 0x04020d20 (strlen              ) R-> (2007.0) 0x04c34db0 strlen
--126-- REDIR: 0x401d540 (ld-linux-x86-64.so.2:strcmp) redirected to 0x4c35ee0 (strcmp)
--126-- REDIR: 0x4021260 (ld-linux-x86-64.so.2:mempcpy) redirected to 0x4c394f0 (mempcpy)
--126-- Reading syms from /usr/lib/x86_64-linux-gnu/libstdc++.so.6.0.25
--126--    object doesn't have a symbol table
--126-- Reading syms from /lib/x86_64-linux-gnu/libc-2.27.so
--126--   Considering /lib/x86_64-linux-gnu/libc-2.27.so ..
--126--   .. CRC mismatch (computed 8c0be908 wanted 7c906570)
--126--   Considering /usr/lib/debug/lib/x86_64-linux-gnu/libc-2.27.so ..
--126--   .. CRC is valid
--126-- Reading syms from /lib/x86_64-linux-gnu/libm-2.27.so
--126--   Considering /lib/x86_64-linux-gnu/libm-2.27.so ..
--126--   .. CRC mismatch (computed 0fef35ac wanted 26ea9025)
--126--   Considering /usr/lib/debug/lib/x86_64-linux-gnu/libm-2.27.so ..
--126--   .. CRC is valid
--126-- Reading syms from /lib/x86_64-linux-gnu/libgcc_s.so.1
--126--    object doesn't have a symbol table
--126-- REDIR: 0x5265a50 (libc.so.6:memmove) redirected to 0x4a2c6e0 (_vgnU_ifunc_wrapper)
--126-- REDIR: 0x5264d60 (libc.so.6:strncpy) redirected to 0x4a2c6e0 (_vgnU_ifunc_wrapper)
--126-- REDIR: 0x5265d30 (libc.so.6:strcasecmp) redirected to 0x4a2c6e0 (_vgnU_ifunc_wrapper)
--126-- REDIR: 0x52647b0 (libc.so.6:strcat) redirected to 0x4a2c6e0 (_vgnU_ifunc_wrapper)
--126-- REDIR: 0x5264d90 (libc.so.6:rindex) redirected to 0x4a2c6e0 (_vgnU_ifunc_wrapper)
--126-- REDIR: 0x5267480 (libc.so.6:rawmemchr) redirected to 0x4a2c6e0 (_vgnU_ifunc_wrapper)
--126-- REDIR: 0x5265bc0 (libc.so.6:mempcpy) redirected to 0x4a2c6e0 (_vgnU_ifunc_wrapper)
--126-- REDIR: 0x52659f0 (libc.so.6:bcmp) redirected to 0x4a2c6e0 (_vgnU_ifunc_wrapper)
--126-- REDIR: 0x5264d20 (libc.so.6:strncmp) redirected to 0x4a2c6e0 (_vgnU_ifunc_wrapper)
--126-- REDIR: 0x5264820 (libc.so.6:strcmp) redirected to 0x4a2c6e0 (_vgnU_ifunc_wrapper)
--126-- REDIR: 0x5265b20 (libc.so.6:memset) redirected to 0x4a2c6e0 (_vgnU_ifunc_wrapper)
--126-- REDIR: 0x5282db0 (libc.so.6:wcschr) redirected to 0x4a2c6e0 (_vgnU_ifunc_wrapper)
--126-- REDIR: 0x5264cc0 (libc.so.6:strnlen) redirected to 0x4a2c6e0 (_vgnU_ifunc_wrapper)
--126-- REDIR: 0x5264890 (libc.so.6:strcspn) redirected to 0x4a2c6e0 (_vgnU_ifunc_wrapper)
--126-- REDIR: 0x5265d80 (libc.so.6:strncasecmp) redirected to 0x4a2c6e0 (_vgnU_ifunc_wrapper)
--126-- REDIR: 0x5264860 (libc.so.6:strcpy) redirected to 0x4a2c6e0 (_vgnU_ifunc_wrapper)
--126-- REDIR: 0x5265ec0 (libc.so.6:memcpy@@GLIBC_2.14) redirected to 0x4a2c6e0 (_vgnU_ifunc_wrapper)
--126-- REDIR: 0x5264dc0 (libc.so.6:strpbrk) redirected to 0x4a2c6e0 (_vgnU_ifunc_wrapper)
--126-- REDIR: 0x52647e0 (libc.so.6:index) redirected to 0x4a2c6e0 (_vgnU_ifunc_wrapper)
--126-- REDIR: 0x5264c90 (libc.so.6:strlen) redirected to 0x4a2c6e0 (_vgnU_ifunc_wrapper)
--126-- REDIR: 0x526f380 (libc.so.6:memrchr) redirected to 0x4a2c6e0 (_vgnU_ifunc_wrapper)
--126-- REDIR: 0x5265dd0 (libc.so.6:strcasecmp_l) redirected to 0x4a2c6e0 (_vgnU_ifunc_wrapper)
--126-- REDIR: 0x52659c0 (libc.so.6:memchr) redirected to 0x4a2c6e0 (_vgnU_ifunc_wrapper)
--126-- REDIR: 0x5283b70 (libc.so.6:wcslen) redirected to 0x4a2c6e0 (_vgnU_ifunc_wrapper)
--126-- REDIR: 0x5265070 (libc.so.6:strspn) redirected to 0x4a2c6e0 (_vgnU_ifunc_wrapper)
--126-- REDIR: 0x5265d00 (libc.so.6:stpncpy) redirected to 0x4a2c6e0 (_vgnU_ifunc_wrapper)
--126-- REDIR: 0x5265cd0 (libc.so.6:stpcpy) redirected to 0x4a2c6e0 (_vgnU_ifunc_wrapper)
--126-- REDIR: 0x52674b0 (libc.so.6:strchrnul) redirected to 0x4a2c6e0 (_vgnU_ifunc_wrapper)
--126-- REDIR: 0x5265e20 (libc.so.6:strncasecmp_l) redirected to 0x4a2c6e0 (_vgnU_ifunc_wrapper)
--126-- REDIR: 0x5355280 (libc.so.6:__strrchr_avx2) redirected to 0x4c34730 (rindex)
--126-- REDIR: 0x525e020 (libc.so.6:malloc) redirected to 0x4c31aa0 (malloc)
--126-- REDIR: 0x5355450 (libc.so.6:__strlen_avx2) redirected to 0x4c34cf0 (strlen)
--126-- REDIR: 0x5351a60 (libc.so.6:__memcmp_avx2_movbe) redirected to 0x4c37e00 (bcmp)
--126-- REDIR: 0x5270b30 (libc.so.6:__strcmp_sse2_unaligned) redirected to 0x4c35da0 (strcmp)
--126-- REDIR: 0x5355970 (libc.so.6:__mempcpy_avx_unaligned_erms) redirected to 0x4c39130 (mempcpy)
--126-- REDIR: 0x525e910 (libc.so.6:free) redirected to 0x4c32cd0 (free)
==126== 
==126== HEAP SUMMARY:
==126==     in use at exit: 0 bytes in 0 blocks
==126==   total heap usage: 3 allocs, 3 frees, 74,752 bytes allocated
==126== 
==126== All heap blocks were freed -- no leaks are possible
==126== 
==126== ERROR SUMMARY: 0 errors from 0 contexts (suppressed: 0 from 0)
==126== ERROR SUMMARY: 0 errors from 0 contexts (suppressed: 0 from 0)
